<?xml version="1.0" encoding="UTF-8"?>
<!-- Generated by org.testng.reporters.JUnitReportReporter -->
<testsuite skipped="0" hostname="Dhruba" name="testng.Day1" tests="4" failures="0" timestamp="21 Sep 2019 17:27:31 GMT" time="0.000" errors="0">
  <testcase name="demo3" time="0.000" classname="testng.Day1"/>
  <testcase name="demo" time="0.000" classname="testng.Day1"/>
  <testcase name="demo2" time="0.000" classname="testng.Day1"/>
  <testcase name="demo1" time="0.000" classname="testng.Day1"/>
</testsuite> <!-- testng.Day1 -->
