<?xml version="1.0" encoding="UTF-8"?>
<!-- Generated by org.testng.reporters.JUnitReportReporter -->
<testsuite skipped="0" hostname="Dhruba" name="datadriven.ChildClass" tests="3" failures="0" timestamp="21 Sep 2019 23:04:10 GMT" time="14.568" errors="0">
  <testcase name="OpeningBrowser" time="5.240" classname="datadriven.ChildClass"/>
  <testcase name="flightBooking" time="4.737" classname="datadriven.ChildClass"/>
  <testcase name="logIn" time="4.591" classname="datadriven.ChildClass"/>
</testsuite> <!-- datadriven.ChildClass -->
