<?xml version="1.0" encoding="UTF-8"?>
<!-- Generated by org.testng.reporters.JUnitReportReporter -->
<testsuite skipped="0" hostname="Dhruba" name="testng.Annotations" tests="3" failures="0" timestamp="21 Sep 2019 17:27:31 GMT" time="0.016" errors="0">
  <testcase name="login" time="0.000" classname="testng.Annotations"/>
  <testcase name="start" time="0.000" classname="testng.Annotations"/>
  <testcase name="logout" time="0.016" classname="testng.Annotations"/>
</testsuite> <!-- testng.Annotations -->
