<?xml version="1.0" encoding="UTF-8"?>
<!-- Generated by org.testng.reporters.JUnitReportReporter -->
<testsuite skipped="0" hostname="Dhruba" name="testng.Day2" tests="4" failures="0" timestamp="21 Sep 2019 17:27:31 GMT" time="0.016" errors="0">
  <testcase name="ploan1" time="0.000" classname="testng.Day2"/>
  <testcase name="ploan" time="0.016" classname="testng.Day2"/>
  <testcase name="ploan2" time="0.000" classname="testng.Day2"/>
  <testcase name="ploan3" time="0.000" classname="testng.Day2"/>
</testsuite> <!-- testng.Day2 -->
