<?xml version="1.0" encoding="UTF-8"?>
<!-- Generated by org.testng.reporters.JUnitReportReporter -->
<testsuite skipped="0" hostname="Dhruba" name="datadriven.DataDrivenExample" tests="1" failures="0" timestamp="21 Sep 2019 22:57:01 GMT" time="5.100" errors="0">
  <testcase name="logIn" time="5.100" classname="datadriven.DataDrivenExample"/>
</testsuite> <!-- datadriven.DataDrivenExample -->
