<?xml version="1.0" encoding="UTF-8"?>
<!-- Generated by org.testng.reporters.JUnitReportReporter -->
<testsuite skipped="0" hostname="Dhruba" name="testng.Day3" tests="6" failures="0" timestamp="21 Sep 2019 17:27:31 GMT" time="0.000" errors="0">
  <testcase name="webLogin3" time="0.000" classname="testng.Day3"/>
  <testcase name="carLoan" time="0.000" classname="testng.Day3"/>
  <testcase name="webLogin1" time="0.000" classname="testng.Day3"/>
  <testcase name="webLogin2" time="0.000" classname="testng.Day3"/>
  <testcase name="carLoan1" time="0.000" classname="testng.Day3"/>
  <testcase name="webLogin" time="0.000" classname="testng.Day3"/>
</testsuite> <!-- testng.Day3 -->
