<?xml version="1.0" encoding="UTF-8"?>
<!-- Generated by org.testng.reporters.JUnitReportReporter -->
<testsuite skipped="0" hostname="Dhruba" name="testng.Day4" tests="6" failures="0" timestamp="21 Sep 2019 18:06:22 GMT" time="0.000" errors="0">
  <testcase name="homeLoan2" time="0.000" classname="testng.Day4"/>
  <testcase name="aptLoan" time="0.000" classname="testng.Day4"/>
  <testcase name="homeLoan3" time="0.000" classname="testng.Day4"/>
  <testcase name="aptLoan1" time="0.000" classname="testng.Day4"/>
  <testcase name="homeLoan1" time="0.000" classname="testng.Day4"/>
  <testcase name="homeLoan" time="0.000" classname="testng.Day4"/>
</testsuite> <!-- testng.Day4 -->
